{"numFailedTestSuites":1,"numFailedTests":6,"numPassedTestSuites":3,"numPassedTests":18,"numPendingTestSuites":0,"numPendingTests":0,"numRuntimeErrorTestSuites":0,"numTodoTests":0,"numTotalTestSuites":4,"numTotalTests":24,"openHandles":[],"snapshot":{"added":0,"didUpdate":false,"failure":false,"filesAdded":0,"filesRemoved":0,"filesRemovedList":[],"filesUnmatched":0,"filesUpdated":0,"matched":0,"total":0,"unchecked":0,"uncheckedKeysByFile":[],"unmatched":0,"updated":0},"startTime":1778772692508,"success":false,"testResults":[{"assertionResults":[{"ancestorTitles":["signIn"],"duration":68,"failureDetails":[],"failureMessages":[],"fullName":"signIn redirects to /dashboard on success","invocations":1,"location":null,"numPassingAsserts":2,"retryReasons":[],"status":"passed","title":"redirects to /dashboard on success"},{"ancestorTitles":["signIn"],"duration":3,"failureDetails":[],"failureMessages":[],"fullName":"signIn sanitizes error messages","invocations":1,"location":null,"numPassingAsserts":1,"retryReasons":[],"status":"passed","title":"sanitizes error messages"},{"ancestorTitles":["signUp"],"duration":3,"failureDetails":[],"failureMessages":[],"fullName":"signUp redirects to login on success","invocations":1,"location":null,"numPassingAsserts":2,"retryReasons":[],"status":"passed","title":"redirects to login on success"},{"ancestorTitles":["signOut"],"duration":2,"failureDetails":[],"failureMessages":[],"fullName":"signOut signs out and redirects","invocations":1,"location":null,"numPassingAsserts":2,"retryReasons":[],"status":"passed","title":"signs out and redirects"}],"endTime":1778772697276,"message":"","name":"E:\\insiconnect\\tutorbay\\src\\app\\auth\\__tests__\\actions.test.ts","startTime":1778772695789,"status":"passed","summary":""},{"assertionResults":[{"ancestorTitles":["inviteUser"],"duration":154,"failureDetails":[{"matcherResult":{"message":"\u001b[2mexpect(\u001b[22m\u001b[31mreceived\u001b[39m\u001b[2m).\u001b[22mrejects\u001b[2m.\u001b[22mtoThrow\u001b[2m(\u001b[22m\u001b[32mexpected\u001b[39m\u001b[2m)\u001b[22m\n\nExpected substring: \u001b[32m\"valid email\"\u001b[39m\nReceived message:   \u001b[31m\"/users?error=A%20valid%20email%20address%20is%20required.\"\u001b[39m\n\n    \u001b[0m \u001b[90m 1 |\u001b[39m \u001b[36mconst\u001b[39m redirect \u001b[33m=\u001b[39m (url) \u001b[33m=>\u001b[39m {\n    \u001b[31m\u001b[1m>\u001b[22m\u001b[39m\u001b[90m 2 |\u001b[39m   \u001b[36mthrow\u001b[39m \u001b[36mnew\u001b[39m \u001b[33mError\u001b[39m(url)\u001b[33m;\u001b[39m\n     \u001b[90m   |\u001b[39m         \u001b[31m\u001b[1m^\u001b[22m\u001b[39m\n     \u001b[90m 3 |\u001b[39m }\u001b[33m;\u001b[39m\n     \u001b[90m 4 |\u001b[39m \u001b[36mconst\u001b[39m notFound \u001b[33m=\u001b[39m () \u001b[33m=>\u001b[39m {\n     \u001b[90m 5 |\u001b[39m   \u001b[36mthrow\u001b[39m \u001b[36mnew\u001b[39m \u001b[33mError\u001b[39m(\u001b[32m\"NEXT_NOT_FOUND\"\u001b[39m)\u001b[33m;\u001b[39m\u001b[0m\n\n      \u001b[2mat redirect (\u001b[22msrc/__mocks__/next-navigation.js\u001b[2m:2:9)\u001b[22m\n      \u001b[2mat inviteUser (E:\\insiconnect\\tutorbay\\src\\app\\(admin)\u001b[22m../../users/actions.ts\u001b[2m:21:13)\u001b[22m\n      \u001b[2mat Object.inviteUser (E:\\insiconnect\\tutorbay\\src\\app\\(admin)\u001b[22m../../users/__tests__/actions.test.ts\u001b[2m:38:18)\u001b[22m","pass":false},"message":"\u001b[2mexpect(\u001b[22m\u001b[31mreceived\u001b[39m\u001b[2m).\u001b[22mrejects\u001b[2m.\u001b[22mtoThrow\u001b[2m(\u001b[22m\u001b[32mexpected\u001b[39m\u001b[2m)\u001b[22m\n\nExpected substring: \u001b[32m\"valid email\"\u001b[39m\nReceived message:   \u001b[31m\"/users?error=A%20valid%20email%20address%20is%20required.\"\u001b[39m\n\n    \u001b[0m \u001b[90m 1 |\u001b[39m \u001b[36mconst\u001b[39m redirect \u001b[33m=\u001b[39m (url) \u001b[33m=>\u001b[39m {\n    \u001b[31m\u001b[1m>\u001b[22m\u001b[39m\u001b[90m 2 |\u001b[39m   \u001b[36mthrow\u001b[39m \u001b[36mnew\u001b[39m \u001b[33mError\u001b[39m(url)\u001b[33m;\u001b[39m\n     \u001b[90m   |\u001b[39m         \u001b[31m\u001b[1m^\u001b[22m\u001b[39m\n     \u001b[90m 3 |\u001b[39m }\u001b[33m;\u001b[39m\n     \u001b[90m 4 |\u001b[39m \u001b[36mconst\u001b[39m notFound \u001b[33m=\u001b[39m () \u001b[33m=>\u001b[39m {\n     \u001b[90m 5 |\u001b[39m   \u001b[36mthrow\u001b[39m \u001b[36mnew\u001b[39m \u001b[33mError\u001b[39m(\u001b[32m\"NEXT_NOT_FOUND\"\u001b[39m)\u001b[33m;\u001b[39m\u001b[0m\n\n      \u001b[2mat redirect (\u001b[22msrc/__mocks__/next-navigation.js\u001b[2m:2:9)\u001b[22m\n      \u001b[2mat inviteUser (E:\\insiconnect\\tutorbay\\src\\app\\(admin)\u001b[22m../../users/actions.ts\u001b[2m:21:13)\u001b[22m\n      \u001b[2mat Object.inviteUser (E:\\insiconnect\\tutorbay\\src\\app\\(admin)\u001b[22m../../users/__tests__/actions.test.ts\u001b[2m:38:18)\u001b[22m"}],"failureMessages":["Error: \u001b[2mexpect(\u001b[22m\u001b[31mreceived\u001b[39m\u001b[2m).\u001b[22mrejects\u001b[2m.\u001b[22mtoThrow\u001b[2m(\u001b[22m\u001b[32mexpected\u001b[39m\u001b[2m)\u001b[22m\n\nExpected substring: \u001b[32m\"valid email\"\u001b[39m\nReceived message:   \u001b[31m\"/users?error=A%20valid%20email%20address%20is%20required.\"\u001b[39m\n\n    \u001b[0m \u001b[90m 1 |\u001b[39m \u001b[36mconst\u001b[39m redirect \u001b[33m=\u001b[39m (url) \u001b[33m=>\u001b[39m {\n    \u001b[31m\u001b[1m>\u001b[22m\u001b[39m\u001b[90m 2 |\u001b[39m   \u001b[36mthrow\u001b[39m \u001b[36mnew\u001b[39m \u001b[33mError\u001b[39m(url)\u001b[33m;\u001b[39m\n     \u001b[90m   |\u001b[39m         \u001b[31m\u001b[1m^\u001b[22m\u001b[39m\n     \u001b[90m 3 |\u001b[39m }\u001b[33m;\u001b[39m\n     \u001b[90m 4 |\u001b[39m \u001b[36mconst\u001b[39m notFound \u001b[33m=\u001b[39m () \u001b[33m=>\u001b[39m {\n     \u001b[90m 5 |\u001b[39m   \u001b[36mthrow\u001b[39m \u001b[36mnew\u001b[39m \u001b[33mError\u001b[39m(\u001b[32m\"NEXT_NOT_FOUND\"\u001b[39m)\u001b[33m;\u001b[39m\u001b[0m\n\n      \u001b[2mat redirect (\u001b[22msrc/__mocks__/next-navigation.js\u001b[2m:2:9)\u001b[22m\n      \u001b[2mat inviteUser (E:\\insiconnect\\tutorbay\\src\\app\\(admin)\u001b[22m../../users/actions.ts\u001b[2m:21:13)\u001b[22m\n      \u001b[2mat Object.inviteUser (E:\\insiconnect\\tutorbay\\src\\app\\(admin)\u001b[22m../../users/__tests__/actions.test.ts\u001b[2m:38:18)\u001b[22m\n    at Object.toThrow (E:\\insiconnect\\tutorbay\\node_modules\\expect\\build\\index.js:218:22)\n    at Object.toThrow (E:\\insiconnect\\tutorbay\\src\\app\\(admin)\\users\\__tests__\\actions.test.ts:38:42)\n    at processTicksAndRejections (node:internal/process/task_queues:105:5)"],"fullName":"inviteUser rejects invalid email","invocations":1,"location":null,"numPassingAsserts":0,"retryReasons":[],"status":"failed","title":"rejects invalid email"},{"ancestorTitles":["inviteUser"],"duration":5,"failureDetails":[{"matcherResult":{"message":"\u001b[2mexpect(\u001b[22m\u001b[31mreceived\u001b[39m\u001b[2m).\u001b[22mrejects\u001b[2m.\u001b[22mtoThrow\u001b[2m(\u001b[22m\u001b[32mexpected\u001b[39m\u001b[2m)\u001b[22m\n\nExpected substring: \u001b[32m\"Invitation sent\"\u001b[39m\nReceived message:   \u001b[31m\"/users?message=Invitation%20sent%20to%20newuser%40test.com.\"\u001b[39m\n\n    \u001b[0m \u001b[90m 1 |\u001b[39m \u001b[36mconst\u001b[39m redirect \u001b[33m=\u001b[39m (url) \u001b[33m=>\u001b[39m {\n    \u001b[31m\u001b[1m>\u001b[22m\u001b[39m\u001b[90m 2 |\u001b[39m   \u001b[36mthrow\u001b[39m \u001b[36mnew\u001b[39m \u001b[33mError\u001b[39m(url)\u001b[33m;\u001b[39m\n     \u001b[90m   |\u001b[39m         \u001b[31m\u001b[1m^\u001b[22m\u001b[39m\n     \u001b[90m 3 |\u001b[39m }\u001b[33m;\u001b[39m\n     \u001b[90m 4 |\u001b[39m \u001b[36mconst\u001b[39m notFound \u001b[33m=\u001b[39m () \u001b[33m=>\u001b[39m {\n     \u001b[90m 5 |\u001b[39m   \u001b[36mthrow\u001b[39m \u001b[36mnew\u001b[39m \u001b[33mError\u001b[39m(\u001b[32m\"NEXT_NOT_FOUND\"\u001b[39m)\u001b[33m;\u001b[39m\u001b[0m\n\n      \u001b[2mat redirect (\u001b[22msrc/__mocks__/next-navigation.js\u001b[2m:2:9)\u001b[22m\n      \u001b[2mat inviteUser (E:\\insiconnect\\tutorbay\\src\\app\\(admin)\u001b[22m../../users/actions.ts\u001b[2m:32:11)\u001b[22m\n      \u001b[2mat Object.<anonymous> (E:\\insiconnect\\tutorbay\\src\\app\\(admin)\u001b[22m../../users/__tests__/actions.test.ts\u001b[2m:51:5)\u001b[22m","pass":false},"message":"\u001b[2mexpect(\u001b[22m\u001b[31mreceived\u001b[39m\u001b[2m).\u001b[22mrejects\u001b[2m.\u001b[22mtoThrow\u001b[2m(\u001b[22m\u001b[32mexpected\u001b[39m\u001b[2m)\u001b[22m\n\nExpected substring: \u001b[32m\"Invitation sent\"\u001b[39m\nReceived message:   \u001b[31m\"/users?message=Invitation%20sent%20to%20newuser%40test.com.\"\u001b[39m\n\n    \u001b[0m \u001b[90m 1 |\u001b[39m \u001b[36mconst\u001b[39m redirect \u001b[33m=\u001b[39m (url) \u001b[33m=>\u001b[39m {\n    \u001b[31m\u001b[1m>\u001b[22m\u001b[39m\u001b[90m 2 |\u001b[39m   \u001b[36mthrow\u001b[39m \u001b[36mnew\u001b[39m \u001b[33mError\u001b[39m(url)\u001b[33m;\u001b[39m\n     \u001b[90m   |\u001b[39m         \u001b[31m\u001b[1m^\u001b[22m\u001b[39m\n     \u001b[90m 3 |\u001b[39m }\u001b[33m;\u001b[39m\n     \u001b[90m 4 |\u001b[39m \u001b[36mconst\u001b[39m notFound \u001b[33m=\u001b[39m () \u001b[33m=>\u001b[39m {\n     \u001b[90m 5 |\u001b[39m   \u001b[36mthrow\u001b[39m \u001b[36mnew\u001b[39m \u001b[33mError\u001b[39m(\u001b[32m\"NEXT_NOT_FOUND\"\u001b[39m)\u001b[33m;\u001b[39m\u001b[0m\n\n      \u001b[2mat redirect (\u001b[22msrc/__mocks__/next-navigation.js\u001b[2m:2:9)\u001b[22m\n      \u001b[2mat inviteUser (E:\\insiconnect\\tutorbay\\src\\app\\(admin)\u001b[22m../../users/actions.ts\u001b[2m:32:11)\u001b[22m\n      \u001b[2mat Object.<anonymous> (E:\\insiconnect\\tutorbay\\src\\app\\(admin)\u001b[22m../../users/__tests__/actions.test.ts\u001b[2m:51:5)\u001b[22m"}],"failureMessages":["Error: \u001b[2mexpect(\u001b[22m\u001b[31mreceived\u001b[39m\u001b[2m).\u001b[22mrejects\u001b[2m.\u001b[22mtoThrow\u001b[2m(\u001b[22m\u001b[32mexpected\u001b[39m\u001b[2m)\u001b[22m\n\nExpected substring: \u001b[32m\"Invitation sent\"\u001b[39m\nReceived message:   \u001b[31m\"/users?message=Invitation%20sent%20to%20newuser%40test.com.\"\u001b[39m\n\n    \u001b[0m \u001b[90m 1 |\u001b[39m \u001b[36mconst\u001b[39m redirect \u001b[33m=\u001b[39m (url) \u001b[33m=>\u001b[39m {\n    \u001b[31m\u001b[1m>\u001b[22m\u001b[39m\u001b[90m 2 |\u001b[39m   \u001b[36mthrow\u001b[39m \u001b[36mnew\u001b[39m \u001b[33mError\u001b[39m(url)\u001b[33m;\u001b[39m\n     \u001b[90m   |\u001b[39m         \u001b[31m\u001b[1m^\u001b[22m\u001b[39m\n     \u001b[90m 3 |\u001b[39m }\u001b[33m;\u001b[39m\n     \u001b[90m 4 |\u001b[39m \u001b[36mconst\u001b[39m notFound \u001b[33m=\u001b[39m () \u001b[33m=>\u001b[39m {\n     \u001b[90m 5 |\u001b[39m   \u001b[36mthrow\u001b[39m \u001b[36mnew\u001b[39m \u001b[33mError\u001b[39m(\u001b[32m\"NEXT_NOT_FOUND\"\u001b[39m)\u001b[33m;\u001b[39m\u001b[0m\n\n      \u001b[2mat redirect (\u001b[22msrc/__mocks__/next-navigation.js\u001b[2m:2:9)\u001b[22m\n      \u001b[2mat inviteUser (E:\\insiconnect\\tutorbay\\src\\app\\(admin)\u001b[22m../../users/actions.ts\u001b[2m:32:11)\u001b[22m\n      \u001b[2mat Object.<anonymous> (E:\\insiconnect\\tutorbay\\src\\app\\(admin)\u001b[22m../../users/__tests__/actions.test.ts\u001b[2m:51:5)\u001b[22m\n    at Object.toThrow (E:\\insiconnect\\tutorbay\\node_modules\\expect\\build\\index.js:218:22)\n    at Object.toThrow (E:\\insiconnect\\tutorbay\\src\\app\\(admin)\\users\\__tests__\\actions.test.ts:51:42)\n    at processTicksAndRejections (node:internal/process/task_queues:105:5)"],"fullName":"inviteUser calls supabase admin invite on valid email","invocations":1,"location":null,"numPassingAsserts":0,"retryReasons":[],"status":"failed","title":"calls supabase admin invite on valid email"},{"ancestorTitles":["updateUserRole"],"duration":4,"failureDetails":[{"matcherResult":{"message":"\u001b[2mexpect(\u001b[22m\u001b[31mreceived\u001b[39m\u001b[2m).\u001b[22mrejects\u001b[2m.\u001b[22mtoThrow\u001b[2m(\u001b[22m\u001b[32mexpected\u001b[39m\u001b[2m)\u001b[22m\n\nExpected substring: \u001b[32m\"Invalid user or role\"\u001b[39m\nReceived message:   \u001b[31m\"/users?error=Invalid%20user%20or%20role.\"\u001b[39m\n\n    \u001b[0m \u001b[90m 1 |\u001b[39m \u001b[36mconst\u001b[39m redirect \u001b[33m=\u001b[39m (url) \u001b[33m=>\u001b[39m {\n    \u001b[31m\u001b[1m>\u001b[22m\u001b[39m\u001b[90m 2 |\u001b[39m   \u001b[36mthrow\u001b[39m \u001b[36mnew\u001b[39m \u001b[33mError\u001b[39m(url)\u001b[33m;\u001b[39m\n     \u001b[90m   |\u001b[39m         \u001b[31m\u001b[1m^\u001b[22m\u001b[39m\n     \u001b[90m 3 |\u001b[39m }\u001b[33m;\u001b[39m\n     \u001b[90m 4 |\u001b[39m \u001b[36mconst\u001b[39m notFound \u001b[33m=\u001b[39m () \u001b[33m=>\u001b[39m {\n     \u001b[90m 5 |\u001b[39m   \u001b[36mthrow\u001b[39m \u001b[36mnew\u001b[39m \u001b[33mError\u001b[39m(\u001b[32m\"NEXT_NOT_FOUND\"\u001b[39m)\u001b[33m;\u001b[39m\u001b[0m\n\n      \u001b[2mat redirect (\u001b[22msrc/__mocks__/next-navigation.js\u001b[2m:2:9)\u001b[22m\n      \u001b[2mat updateUserRole (E:\\insiconnect\\tutorbay\\src\\app\\(admin)\u001b[22m../../users/actions.ts\u001b[2m:41:13)\u001b[22m\n      \u001b[2mat Object.updateUserRole (E:\\insiconnect\\tutorbay\\src\\app\\(admin)\u001b[22m../../users/__tests__/actions.test.ts\u001b[2m:63:18)\u001b[22m","pass":false},"message":"\u001b[2mexpect(\u001b[22m\u001b[31mreceived\u001b[39m\u001b[2m).\u001b[22mrejects\u001b[2m.\u001b[22mtoThrow\u001b[2m(\u001b[22m\u001b[32mexpected\u001b[39m\u001b[2m)\u001b[22m\n\nExpected substring: \u001b[32m\"Invalid user or role\"\u001b[39m\nReceived message:   \u001b[31m\"/users?error=Invalid%20user%20or%20role.\"\u001b[39m\n\n    \u001b[0m \u001b[90m 1 |\u001b[39m \u001b[36mconst\u001b[39m redirect \u001b[33m=\u001b[39m (url) \u001b[33m=>\u001b[39m {\n    \u001b[31m\u001b[1m>\u001b[22m\u001b[39m\u001b[90m 2 |\u001b[39m   \u001b[36mthrow\u001b[39m \u001b[36mnew\u001b[39m \u001b[33mError\u001b[39m(url)\u001b[33m;\u001b[39m\n     \u001b[90m   |\u001b[39m         \u001b[31m\u001b[1m^\u001b[22m\u001b[39m\n     \u001b[90m 3 |\u001b[39m }\u001b[33m;\u001b[39m\n     \u001b[90m 4 |\u001b[39m \u001b[36mconst\u001b[39m notFound \u001b[33m=\u001b[39m () \u001b[33m=>\u001b[39m {\n     \u001b[90m 5 |\u001b[39m   \u001b[36mthrow\u001b[39m \u001b[36mnew\u001b[39m \u001b[33mError\u001b[39m(\u001b[32m\"NEXT_NOT_FOUND\"\u001b[39m)\u001b[33m;\u001b[39m\u001b[0m\n\n      \u001b[2mat redirect (\u001b[22msrc/__mocks__/next-navigation.js\u001b[2m:2:9)\u001b[22m\n      \u001b[2mat updateUserRole (E:\\insiconnect\\tutorbay\\src\\app\\(admin)\u001b[22m../../users/actions.ts\u001b[2m:41:13)\u001b[22m\n      \u001b[2mat Object.updateUserRole (E:\\insiconnect\\tutorbay\\src\\app\\(admin)\u001b[22m../../users/__tests__/actions.test.ts\u001b[2m:63:18)\u001b[22m"}],"failureMessages":["Error: \u001b[2mexpect(\u001b[22m\u001b[31mreceived\u001b[39m\u001b[2m).\u001b[22mrejects\u001b[2m.\u001b[22mtoThrow\u001b[2m(\u001b[22m\u001b[32mexpected\u001b[39m\u001b[2m)\u001b[22m\n\nExpected substring: \u001b[32m\"Invalid user or role\"\u001b[39m\nReceived message:   \u001b[31m\"/users?error=Invalid%20user%20or%20role.\"\u001b[39m\n\n    \u001b[0m \u001b[90m 1 |\u001b[39m \u001b[36mconst\u001b[39m redirect \u001b[33m=\u001b[39m (url) \u001b[33m=>\u001b[39m {\n    \u001b[31m\u001b[1m>\u001b[22m\u001b[39m\u001b[90m 2 |\u001b[39m   \u001b[36mthrow\u001b[39m \u001b[36mnew\u001b[39m \u001b[33mError\u001b[39m(url)\u001b[33m;\u001b[39m\n     \u001b[90m   |\u001b[39m         \u001b[31m\u001b[1m^\u001b[22m\u001b[39m\n     \u001b[90m 3 |\u001b[39m }\u001b[33m;\u001b[39m\n     \u001b[90m 4 |\u001b[39m \u001b[36mconst\u001b[39m notFound \u001b[33m=\u001b[39m () \u001b[33m=>\u001b[39m {\n     \u001b[90m 5 |\u001b[39m   \u001b[36mthrow\u001b[39m \u001b[36mnew\u001b[39m \u001b[33mError\u001b[39m(\u001b[32m\"NEXT_NOT_FOUND\"\u001b[39m)\u001b[33m;\u001b[39m\u001b[0m\n\n      \u001b[2mat redirect (\u001b[22msrc/__mocks__/next-navigation.js\u001b[2m:2:9)\u001b[22m\n      \u001b[2mat updateUserRole (E:\\insiconnect\\tutorbay\\src\\app\\(admin)\u001b[22m../../users/actions.ts\u001b[2m:41:13)\u001b[22m\n      \u001b[2mat Object.updateUserRole (E:\\insiconnect\\tutorbay\\src\\app\\(admin)\u001b[22m../../users/__tests__/actions.test.ts\u001b[2m:63:18)\u001b[22m\n    at Object.toThrow (E:\\insiconnect\\tutorbay\\node_modules\\expect\\build\\index.js:218:22)\n    at Object.toThrow (E:\\insiconnect\\tutorbay\\src\\app\\(admin)\\users\\__tests__\\actions.test.ts:63:46)\n    at processTicksAndRejections (node:internal/process/task_queues:105:5)"],"fullName":"updateUserRole rejects invalid role","invocations":1,"location":null,"numPassingAsserts":0,"retryReasons":[],"status":"failed","title":"rejects invalid role"},{"ancestorTitles":["updateUserRole"],"duration":4,"failureDetails":[{"matcherResult":{"message":"\u001b[2mexpect(\u001b[22m\u001b[31mreceived\u001b[39m\u001b[2m).\u001b[22mrejects\u001b[2m.\u001b[22mtoThrow\u001b[2m(\u001b[22m\u001b[32mexpected\u001b[39m\u001b[2m)\u001b[22m\n\nExpected substring: \u001b[32m\"User role updated\"\u001b[39m\nReceived message:   \u001b[31m\"/users?message=User%20role%20updated.\"\u001b[39m\n\n    \u001b[0m \u001b[90m 1 |\u001b[39m \u001b[36mconst\u001b[39m redirect \u001b[33m=\u001b[39m (url) \u001b[33m=>\u001b[39m {\n    \u001b[31m\u001b[1m>\u001b[22m\u001b[39m\u001b[90m 2 |\u001b[39m   \u001b[36mthrow\u001b[39m \u001b[36mnew\u001b[39m \u001b[33mError\u001b[39m(url)\u001b[33m;\u001b[39m\n     \u001b[90m   |\u001b[39m         \u001b[31m\u001b[1m^\u001b[22m\u001b[39m\n     \u001b[90m 3 |\u001b[39m }\u001b[33m;\u001b[39m\n     \u001b[90m 4 |\u001b[39m \u001b[36mconst\u001b[39m notFound \u001b[33m=\u001b[39m () \u001b[33m=>\u001b[39m {\n     \u001b[90m 5 |\u001b[39m   \u001b[36mthrow\u001b[39m \u001b[36mnew\u001b[39m \u001b[33mError\u001b[39m(\u001b[32m\"NEXT_NOT_FOUND\"\u001b[39m)\u001b[33m;\u001b[39m\u001b[0m\n\n      \u001b[2mat redirect (\u001b[22msrc/__mocks__/next-navigation.js\u001b[2m:2:9)\u001b[22m\n      \u001b[2mat updateUserRole (E:\\insiconnect\\tutorbay\\src\\app\\(admin)\u001b[22m../../users/actions.ts\u001b[2m:54:11)\u001b[22m\n      \u001b[2mat Object.<anonymous> (E:\\insiconnect\\tutorbay\\src\\app\\(admin)\u001b[22m../../users/__tests__/actions.test.ts\u001b[2m:77:5)\u001b[22m","pass":false},"message":"\u001b[2mexpect(\u001b[22m\u001b[31mreceived\u001b[39m\u001b[2m).\u001b[22mrejects\u001b[2m.\u001b[22mtoThrow\u001b[2m(\u001b[22m\u001b[32mexpected\u001b[39m\u001b[2m)\u001b[22m\n\nExpected substring: \u001b[32m\"User role updated\"\u001b[39m\nReceived message:   \u001b[31m\"/users?message=User%20role%20updated.\"\u001b[39m\n\n    \u001b[0m \u001b[90m 1 |\u001b[39m \u001b[36mconst\u001b[39m redirect \u001b[33m=\u001b[39m (url) \u001b[33m=>\u001b[39m {\n    \u001b[31m\u001b[1m>\u001b[22m\u001b[39m\u001b[90m 2 |\u001b[39m   \u001b[36mthrow\u001b[39m \u001b[36mnew\u001b[39m \u001b[33mError\u001b[39m(url)\u001b[33m;\u001b[39m\n     \u001b[90m   |\u001b[39m         \u001b[31m\u001b[1m^\u001b[22m\u001b[39m\n     \u001b[90m 3 |\u001b[39m }\u001b[33m;\u001b[39m\n     \u001b[90m 4 |\u001b[39m \u001b[36mconst\u001b[39m notFound \u001b[33m=\u001b[39m () \u001b[33m=>\u001b[39m {\n     \u001b[90m 5 |\u001b[39m   \u001b[36mthrow\u001b[39m \u001b[36mnew\u001b[39m \u001b[33mError\u001b[39m(\u001b[32m\"NEXT_NOT_FOUND\"\u001b[39m)\u001b[33m;\u001b[39m\u001b[0m\n\n      \u001b[2mat redirect (\u001b[22msrc/__mocks__/next-navigation.js\u001b[2m:2:9)\u001b[22m\n      \u001b[2mat updateUserRole (E:\\insiconnect\\tutorbay\\src\\app\\(admin)\u001b[22m../../users/actions.ts\u001b[2m:54:11)\u001b[22m\n      \u001b[2mat Object.<anonymous> (E:\\insiconnect\\tutorbay\\src\\app\\(admin)\u001b[22m../../users/__tests__/actions.test.ts\u001b[2m:77:5)\u001b[22m"}],"failureMessages":["Error: \u001b[2mexpect(\u001b[22m\u001b[31mreceived\u001b[39m\u001b[2m).\u001b[22mrejects\u001b[2m.\u001b[22mtoThrow\u001b[2m(\u001b[22m\u001b[32mexpected\u001b[39m\u001b[2m)\u001b[22m\n\nExpected substring: \u001b[32m\"User role updated\"\u001b[39m\nReceived message:   \u001b[31m\"/users?message=User%20role%20updated.\"\u001b[39m\n\n    \u001b[0m \u001b[90m 1 |\u001b[39m \u001b[36mconst\u001b[39m redirect \u001b[33m=\u001b[39m (url) \u001b[33m=>\u001b[39m {\n    \u001b[31m\u001b[1m>\u001b[22m\u001b[39m\u001b[90m 2 |\u001b[39m   \u001b[36mthrow\u001b[39m \u001b[36mnew\u001b[39m \u001b[33mError\u001b[39m(url)\u001b[33m;\u001b[39m\n     \u001b[90m   |\u001b[39m         \u001b[31m\u001b[1m^\u001b[22m\u001b[39m\n     \u001b[90m 3 |\u001b[39m }\u001b[33m;\u001b[39m\n     \u001b[90m 4 |\u001b[39m \u001b[36mconst\u001b[39m notFound \u001b[33m=\u001b[39m () \u001b[33m=>\u001b[39m {\n     \u001b[90m 5 |\u001b[39m   \u001b[36mthrow\u001b[39m \u001b[36mnew\u001b[39m \u001b[33mError\u001b[39m(\u001b[32m\"NEXT_NOT_FOUND\"\u001b[39m)\u001b[33m;\u001b[39m\u001b[0m\n\n      \u001b[2mat redirect (\u001b[22msrc/__mocks__/next-navigation.js\u001b[2m:2:9)\u001b[22m\n      \u001b[2mat updateUserRole (E:\\insiconnect\\tutorbay\\src\\app\\(admin)\u001b[22m../../users/actions.ts\u001b[2m:54:11)\u001b[22m\n      \u001b[2mat Object.<anonymous> (E:\\insiconnect\\tutorbay\\src\\app\\(admin)\u001b[22m../../users/__tests__/actions.test.ts\u001b[2m:77:5)\u001b[22m\n    at Object.toThrow (E:\\insiconnect\\tutorbay\\node_modules\\expect\\build\\index.js:218:22)\n    at Object.toThrow (E:\\insiconnect\\tutorbay\\src\\app\\(admin)\\users\\__tests__\\actions.test.ts:77:46)\n    at processTicksAndRejections (node:internal/process/task_queues:105:5)"],"fullName":"updateUserRole updates user metadata for valid role","invocations":1,"location":null,"numPassingAsserts":0,"retryReasons":[],"status":"failed","title":"updates user metadata for valid role"},{"ancestorTitles":["toggleBanUser"],"duration":7,"failureDetails":[],"failureMessages":[],"fullName":"toggleBanUser bans a user","invocations":1,"location":null,"numPassingAsserts":2,"retryReasons":[],"status":"passed","title":"bans a user"},{"ancestorTitles":["toggleBanUser"],"duration":2,"failureDetails":[],"failureMessages":[],"fullName":"toggleBanUser unbans a user","invocations":1,"location":null,"numPassingAsserts":2,"retryReasons":[],"status":"passed","title":"unbans a user"},{"ancestorTitles":["deleteUser"],"duration":3,"failureDetails":[{"matcherResult":{"message":"\u001b[2mexpect(\u001b[22m\u001b[31mreceived\u001b[39m\u001b[2m).\u001b[22mrejects\u001b[2m.\u001b[22mtoThrow\u001b[2m(\u001b[22m\u001b[32mexpected\u001b[39m\u001b[2m)\u001b[22m\n\nExpected substring: \u001b[32m\"User deleted\"\u001b[39m\nReceived message:   \u001b[31m\"/users?message=User%20deleted%20successfully.\"\u001b[39m\n\n    \u001b[0m \u001b[90m 1 |\u001b[39m \u001b[36mconst\u001b[39m redirect \u001b[33m=\u001b[39m (url) \u001b[33m=>\u001b[39m {\n    \u001b[31m\u001b[1m>\u001b[22m\u001b[39m\u001b[90m 2 |\u001b[39m   \u001b[36mthrow\u001b[39m \u001b[36mnew\u001b[39m \u001b[33mError\u001b[39m(url)\u001b[33m;\u001b[39m\n     \u001b[90m   |\u001b[39m         \u001b[31m\u001b[1m^\u001b[22m\u001b[39m\n     \u001b[90m 3 |\u001b[39m }\u001b[33m;\u001b[39m\n     \u001b[90m 4 |\u001b[39m \u001b[36mconst\u001b[39m notFound \u001b[33m=\u001b[39m () \u001b[33m=>\u001b[39m {\n     \u001b[90m 5 |\u001b[39m   \u001b[36mthrow\u001b[39m \u001b[36mnew\u001b[39m \u001b[33mError\u001b[39m(\u001b[32m\"NEXT_NOT_FOUND\"\u001b[39m)\u001b[33m;\u001b[39m\u001b[0m\n\n      \u001b[2mat redirect (\u001b[22msrc/__mocks__/next-navigation.js\u001b[2m:2:9)\u001b[22m\n      \u001b[2mat deleteUser (E:\\insiconnect\\tutorbay\\src\\app\\(admin)\u001b[22m../../users/actions.ts\u001b[2m:72:11)\u001b[22m\n      \u001b[2mat Object.<anonymous> (E:\\insiconnect\\tutorbay\\src\\app\\(admin)\u001b[22m../../users/__tests__/actions.test.ts\u001b[2m:131:5)\u001b[22m","pass":false},"message":"\u001b[2mexpect(\u001b[22m\u001b[31mreceived\u001b[39m\u001b[2m).\u001b[22mrejects\u001b[2m.\u001b[22mtoThrow\u001b[2m(\u001b[22m\u001b[32mexpected\u001b[39m\u001b[2m)\u001b[22m\n\nExpected substring: \u001b[32m\"User deleted\"\u001b[39m\nReceived message:   \u001b[31m\"/users?message=User%20deleted%20successfully.\"\u001b[39m\n\n    \u001b[0m \u001b[90m 1 |\u001b[39m \u001b[36mconst\u001b[39m redirect \u001b[33m=\u001b[39m (url) \u001b[33m=>\u001b[39m {\n    \u001b[31m\u001b[1m>\u001b[22m\u001b[39m\u001b[90m 2 |\u001b[39m   \u001b[36mthrow\u001b[39m \u001b[36mnew\u001b[39m \u001b[33mError\u001b[39m(url)\u001b[33m;\u001b[39m\n     \u001b[90m   |\u001b[39m         \u001b[31m\u001b[1m^\u001b[22m\u001b[39m\n     \u001b[90m 3 |\u001b[39m }\u001b[33m;\u001b[39m\n     \u001b[90m 4 |\u001b[39m \u001b[36mconst\u001b[39m notFound \u001b[33m=\u001b[39m () \u001b[33m=>\u001b[39m {\n     \u001b[90m 5 |\u001b[39m   \u001b[36mthrow\u001b[39m \u001b[36mnew\u001b[39m \u001b[33mError\u001b[39m(\u001b[32m\"NEXT_NOT_FOUND\"\u001b[39m)\u001b[33m;\u001b[39m\u001b[0m\n\n      \u001b[2mat redirect (\u001b[22msrc/__mocks__/next-navigation.js\u001b[2m:2:9)\u001b[22m\n      \u001b[2mat deleteUser (E:\\insiconnect\\tutorbay\\src\\app\\(admin)\u001b[22m../../users/actions.ts\u001b[2m:72:11)\u001b[22m\n      \u001b[2mat Object.<anonymous> (E:\\insiconnect\\tutorbay\\src\\app\\(admin)\u001b[22m../../users/__tests__/actions.test.ts\u001b[2m:131:5)\u001b[22m"}],"failureMessages":["Error: \u001b[2mexpect(\u001b[22m\u001b[31mreceived\u001b[39m\u001b[2m).\u001b[22mrejects\u001b[2m.\u001b[22mtoThrow\u001b[2m(\u001b[22m\u001b[32mexpected\u001b[39m\u001b[2m)\u001b[22m\n\nExpected substring: \u001b[32m\"User deleted\"\u001b[39m\nReceived message:   \u001b[31m\"/users?message=User%20deleted%20successfully.\"\u001b[39m\n\n    \u001b[0m \u001b[90m 1 |\u001b[39m \u001b[36mconst\u001b[39m redirect \u001b[33m=\u001b[39m (url) \u001b[33m=>\u001b[39m {\n    \u001b[31m\u001b[1m>\u001b[22m\u001b[39m\u001b[90m 2 |\u001b[39m   \u001b[36mthrow\u001b[39m \u001b[36mnew\u001b[39m \u001b[33mError\u001b[39m(url)\u001b[33m;\u001b[39m\n     \u001b[90m   |\u001b[39m         \u001b[31m\u001b[1m^\u001b[22m\u001b[39m\n     \u001b[90m 3 |\u001b[39m }\u001b[33m;\u001b[39m\n     \u001b[90m 4 |\u001b[39m \u001b[36mconst\u001b[39m notFound \u001b[33m=\u001b[39m () \u001b[33m=>\u001b[39m {\n     \u001b[90m 5 |\u001b[39m   \u001b[36mthrow\u001b[39m \u001b[36mnew\u001b[39m \u001b[33mError\u001b[39m(\u001b[32m\"NEXT_NOT_FOUND\"\u001b[39m)\u001b[33m;\u001b[39m\u001b[0m\n\n      \u001b[2mat redirect (\u001b[22msrc/__mocks__/next-navigation.js\u001b[2m:2:9)\u001b[22m\n      \u001b[2mat deleteUser (E:\\insiconnect\\tutorbay\\src\\app\\(admin)\u001b[22m../../users/actions.ts\u001b[2m:72:11)\u001b[22m\n      \u001b[2mat Object.<anonymous> (E:\\insiconnect\\tutorbay\\src\\app\\(admin)\u001b[22m../../users/__tests__/actions.test.ts\u001b[2m:131:5)\u001b[22m\n    at Object.toThrow (E:\\insiconnect\\tutorbay\\node_modules\\expect\\build\\index.js:218:22)\n    at Object.toThrow (E:\\insiconnect\\tutorbay\\src\\app\\(admin)\\users\\__tests__\\actions.test.ts:131:42)\n    at processTicksAndRejections (node:internal/process/task_queues:105:5)"],"fullName":"deleteUser deletes user via admin API","invocations":1,"location":null,"numPassingAsserts":0,"retryReasons":[],"status":"failed","title":"deletes user via admin API"},{"ancestorTitles":["reviewTutorApplication"],"duration":3,"failureDetails":[{"matcherResult":{"message":"\u001b[2mexpect(\u001b[22m\u001b[31mreceived\u001b[39m\u001b[2m).\u001b[22mrejects\u001b[2m.\u001b[22mtoThrow\u001b[2m(\u001b[22m\u001b[32mexpected\u001b[39m\u001b[2m)\u001b[22m\n\nExpected substring: \u001b[32m\"Invalid action\"\u001b[39m\nReceived message:   \u001b[31m\"/users?error=Invalid%20action.\"\u001b[39m\n\n    \u001b[0m \u001b[90m 1 |\u001b[39m \u001b[36mconst\u001b[39m redirect \u001b[33m=\u001b[39m (url) \u001b[33m=>\u001b[39m {\n    \u001b[31m\u001b[1m>\u001b[22m\u001b[39m\u001b[90m 2 |\u001b[39m   \u001b[36mthrow\u001b[39m \u001b[36mnew\u001b[39m \u001b[33mError\u001b[39m(url)\u001b[33m;\u001b[39m\n     \u001b[90m   |\u001b[39m         \u001b[31m\u001b[1m^\u001b[22m\u001b[39m\n     \u001b[90m 3 |\u001b[39m }\u001b[33m;\u001b[39m\n     \u001b[90m 4 |\u001b[39m \u001b[36mconst\u001b[39m notFound \u001b[33m=\u001b[39m () \u001b[33m=>\u001b[39m {\n     \u001b[90m 5 |\u001b[39m   \u001b[36mthrow\u001b[39m \u001b[36mnew\u001b[39m \u001b[33mError\u001b[39m(\u001b[32m\"NEXT_NOT_FOUND\"\u001b[39m)\u001b[33m;\u001b[39m\u001b[0m\n\n      \u001b[2mat redirect (\u001b[22msrc/__mocks__/next-navigation.js\u001b[2m:2:9)\u001b[22m\n      \u001b[2mat reviewTutorApplication (E:\\insiconnect\\tutorbay\\src\\app\\(admin)\u001b[22m../../users/actions.ts\u001b[2m:175:15)\u001b[22m\n      \u001b[2mat Object.reviewTutorApplication (E:\\insiconnect\\tutorbay\\src\\app\\(admin)\u001b[22m../../users/__tests__/actions.test.ts\u001b[2m:143:18)\u001b[22m","pass":false},"message":"\u001b[2mexpect(\u001b[22m\u001b[31mreceived\u001b[39m\u001b[2m).\u001b[22mrejects\u001b[2m.\u001b[22mtoThrow\u001b[2m(\u001b[22m\u001b[32mexpected\u001b[39m\u001b[2m)\u001b[22m\n\nExpected substring: \u001b[32m\"Invalid action\"\u001b[39m\nReceived message:   \u001b[31m\"/users?error=Invalid%20action.\"\u001b[39m\n\n    \u001b[0m \u001b[90m 1 |\u001b[39m \u001b[36mconst\u001b[39m redirect \u001b[33m=\u001b[39m (url) \u001b[33m=>\u001b[39m {\n    \u001b[31m\u001b[1m>\u001b[22m\u001b[39m\u001b[90m 2 |\u001b[39m   \u001b[36mthrow\u001b[39m \u001b[36mnew\u001b[39m \u001b[33mError\u001b[39m(url)\u001b[33m;\u001b[39m\n     \u001b[90m   |\u001b[39m         \u001b[31m\u001b[1m^\u001b[22m\u001b[39m\n     \u001b[90m 3 |\u001b[39m }\u001b[33m;\u001b[39m\n     \u001b[90m 4 |\u001b[39m \u001b[36mconst\u001b[39m notFound \u001b[33m=\u001b[39m () \u001b[33m=>\u001b[39m {\n     \u001b[90m 5 |\u001b[39m   \u001b[36mthrow\u001b[39m \u001b[36mnew\u001b[39m \u001b[33mError\u001b[39m(\u001b[32m\"NEXT_NOT_FOUND\"\u001b[39m)\u001b[33m;\u001b[39m\u001b[0m\n\n      \u001b[2mat redirect (\u001b[22msrc/__mocks__/next-navigation.js\u001b[2m:2:9)\u001b[22m\n      \u001b[2mat reviewTutorApplication (E:\\insiconnect\\tutorbay\\src\\app\\(admin)\u001b[22m../../users/actions.ts\u001b[2m:175:15)\u001b[22m\n      \u001b[2mat Object.reviewTutorApplication (E:\\insiconnect\\tutorbay\\src\\app\\(admin)\u001b[22m../../users/__tests__/actions.test.ts\u001b[2m:143:18)\u001b[22m"}],"failureMessages":["Error: \u001b[2mexpect(\u001b[22m\u001b[31mreceived\u001b[39m\u001b[2m).\u001b[22mrejects\u001b[2m.\u001b[22mtoThrow\u001b[2m(\u001b[22m\u001b[32mexpected\u001b[39m\u001b[2m)\u001b[22m\n\nExpected substring: \u001b[32m\"Invalid action\"\u001b[39m\nReceived message:   \u001b[31m\"/users?error=Invalid%20action.\"\u001b[39m\n\n    \u001b[0m \u001b[90m 1 |\u001b[39m \u001b[36mconst\u001b[39m redirect \u001b[33m=\u001b[39m (url) \u001b[33m=>\u001b[39m {\n    \u001b[31m\u001b[1m>\u001b[22m\u001b[39m\u001b[90m 2 |\u001b[39m   \u001b[36mthrow\u001b[39m \u001b[36mnew\u001b[39m \u001b[33mError\u001b[39m(url)\u001b[33m;\u001b[39m\n     \u001b[90m   |\u001b[39m         \u001b[31m\u001b[1m^\u001b[22m\u001b[39m\n     \u001b[90m 3 |\u001b[39m }\u001b[33m;\u001b[39m\n     \u001b[90m 4 |\u001b[39m \u001b[36mconst\u001b[39m notFound \u001b[33m=\u001b[39m () \u001b[33m=>\u001b[39m {\n     \u001b[90m 5 |\u001b[39m   \u001b[36mthrow\u001b[39m \u001b[36mnew\u001b[39m \u001b[33mError\u001b[39m(\u001b[32m\"NEXT_NOT_FOUND\"\u001b[39m)\u001b[33m;\u001b[39m\u001b[0m\n\n      \u001b[2mat redirect (\u001b[22msrc/__mocks__/next-navigation.js\u001b[2m:2:9)\u001b[22m\n      \u001b[2mat reviewTutorApplication (E:\\insiconnect\\tutorbay\\src\\app\\(admin)\u001b[22m../../users/actions.ts\u001b[2m:175:15)\u001b[22m\n      \u001b[2mat Object.reviewTutorApplication (E:\\insiconnect\\tutorbay\\src\\app\\(admin)\u001b[22m../../users/__tests__/actions.test.ts\u001b[2m:143:18)\u001b[22m\n    at Object.toThrow (E:\\insiconnect\\tutorbay\\node_modules\\expect\\build\\index.js:218:22)\n    at Object.toThrow (E:\\insiconnect\\tutorbay\\src\\app\\(admin)\\users\\__tests__\\actions.test.ts:143:54)\n    at processTicksAndRejections (node:internal/process/task_queues:105:5)"],"fullName":"reviewTutorApplication rejects invalid action","invocations":1,"location":null,"numPassingAsserts":0,"retryReasons":[],"status":"failed","title":"rejects invalid action"}],"endTime":1778772697355,"message":"\u001b[1m\u001b[31m  \u001b[1m● \u001b[22m\u001b[1minviteUser › rejects invalid email\u001b[39m\u001b[22m\n\n    \u001b[2mexpect(\u001b[22m\u001b[31mreceived\u001b[39m\u001b[2m).\u001b[22mrejects\u001b[2m.\u001b[22mtoThrow\u001b[2m(\u001b[22m\u001b[32mexpected\u001b[39m\u001b[2m)\u001b[22m\n\n    Expected substring: \u001b[32m\"valid email\"\u001b[39m\n    Received message:   \u001b[31m\"/users?error=A%20valid%20email%20address%20is%20required.\"\u001b[39m\n\n        \u001b[0m \u001b[90m 1 |\u001b[39m \u001b[36mconst\u001b[39m redirect \u001b[33m=\u001b[39m (url) \u001b[33m=>\u001b[39m {\n        \u001b[31m\u001b[1m>\u001b[22m\u001b[39m\u001b[90m 2 |\u001b[39m   \u001b[36mthrow\u001b[39m \u001b[36mnew\u001b[39m \u001b[33mError\u001b[39m(url)\u001b[33m;\u001b[39m\n         \u001b[90m   |\u001b[39m         \u001b[31m\u001b[1m^\u001b[22m\u001b[39m\n         \u001b[90m 3 |\u001b[39m }\u001b[33m;\u001b[39m\n         \u001b[90m 4 |\u001b[39m \u001b[36mconst\u001b[39m notFound \u001b[33m=\u001b[39m () \u001b[33m=>\u001b[39m {\n         \u001b[90m 5 |\u001b[39m   \u001b[36mthrow\u001b[39m \u001b[36mnew\u001b[39m \u001b[33mError\u001b[39m(\u001b[32m\"NEXT_NOT_FOUND\"\u001b[39m)\u001b[33m;\u001b[39m\u001b[0m\n\n          \u001b[2mat redirect (\u001b[22msrc/__mocks__/next-navigation.js\u001b[2m:2:9)\u001b[22m\n          \u001b[2mat inviteUser (E:\\insiconnect\\tutorbay\\src\\app\\(admin)\u001b[22m../../users/actions.ts\u001b[2m:21:13)\u001b[22m\n          \u001b[2mat Object.inviteUser (E:\\insiconnect\\tutorbay\\src\\app\\(admin)\u001b[22m../../users/__tests__/actions.test.ts\u001b[2m:38:18)\u001b[22m\n\u001b[2m\u001b[22m\n\u001b[2m    \u001b[0m \u001b[90m 36 |\u001b[39m     fd\u001b[33m.\u001b[39m\u001b[36mset\u001b[39m(\u001b[32m\"email\"\u001b[39m\u001b[33m,\u001b[39m \u001b[32m\"not-an-email\"\u001b[39m)\u001b[33m;\u001b[39m\u001b[22m\n\u001b[2m     \u001b[90m 37 |\u001b[39m\u001b[22m\n\u001b[2m    \u001b[31m\u001b[1m>\u001b[22m\u001b[2m\u001b[39m\u001b[90m 38 |\u001b[39m     \u001b[36mawait\u001b[39m expect(inviteUser(fd))\u001b[33m.\u001b[39mrejects\u001b[33m.\u001b[39mtoThrow(\u001b[32m\"valid email\"\u001b[39m)\u001b[33m;\u001b[39m\u001b[22m\n\u001b[2m     \u001b[90m    |\u001b[39m                                          \u001b[31m\u001b[1m^\u001b[22m\u001b[2m\u001b[39m\u001b[22m\n\u001b[2m     \u001b[90m 39 |\u001b[39m   })\u001b[33m;\u001b[39m\u001b[22m\n\u001b[2m     \u001b[90m 40 |\u001b[39m\u001b[22m\n\u001b[2m     \u001b[90m 41 |\u001b[39m   it(\u001b[32m\"calls supabase admin invite on valid email\"\u001b[39m\u001b[33m,\u001b[39m \u001b[36masync\u001b[39m () \u001b[33m=>\u001b[39m {\u001b[0m\u001b[22m\n\u001b[2m\u001b[22m\n\u001b[2m      \u001b[2mat Object.toThrow (\u001b[22m\u001b[2mnode_modules/expect/build/index.js\u001b[2m:218:22)\u001b[22m\u001b[2m\u001b[22m\n\u001b[2m      \u001b[2mat Object.toThrow (E:\\insiconnect\\tutorbay\\src\\app\\(admin)\u001b[22m\u001b[2m../../users/__tests__/actions.test.ts\u001b[2m:38:42)\u001b[22m\u001b[2m\u001b[22m\n\n\u001b[1m\u001b[31m  \u001b[1m● \u001b[22m\u001b[1minviteUser › calls supabase admin invite on valid email\u001b[39m\u001b[22m\n\n    \u001b[2mexpect(\u001b[22m\u001b[31mreceived\u001b[39m\u001b[2m).\u001b[22mrejects\u001b[2m.\u001b[22mtoThrow\u001b[2m(\u001b[22m\u001b[32mexpected\u001b[39m\u001b[2m)\u001b[22m\n\n    Expected substring: \u001b[32m\"Invitation sent\"\u001b[39m\n    Received message:   \u001b[31m\"/users?message=Invitation%20sent%20to%20newuser%40test.com.\"\u001b[39m\n\n        \u001b[0m \u001b[90m 1 |\u001b[39m \u001b[36mconst\u001b[39m redirect \u001b[33m=\u001b[39m (url) \u001b[33m=>\u001b[39m {\n        \u001b[31m\u001b[1m>\u001b[22m\u001b[39m\u001b[90m 2 |\u001b[39m   \u001b[36mthrow\u001b[39m \u001b[36mnew\u001b[39m \u001b[33mError\u001b[39m(url)\u001b[33m;\u001b[39m\n         \u001b[90m   |\u001b[39m         \u001b[31m\u001b[1m^\u001b[22m\u001b[39m\n         \u001b[90m 3 |\u001b[39m }\u001b[33m;\u001b[39m\n         \u001b[90m 4 |\u001b[39m \u001b[36mconst\u001b[39m notFound \u001b[33m=\u001b[39m () \u001b[33m=>\u001b[39m {\n         \u001b[90m 5 |\u001b[39m   \u001b[36mthrow\u001b[39m \u001b[36mnew\u001b[39m \u001b[33mError\u001b[39m(\u001b[32m\"NEXT_NOT_FOUND\"\u001b[39m)\u001b[33m;\u001b[39m\u001b[0m\n\n          \u001b[2mat redirect (\u001b[22msrc/__mocks__/next-navigation.js\u001b[2m:2:9)\u001b[22m\n          \u001b[2mat inviteUser (E:\\insiconnect\\tutorbay\\src\\app\\(admin)\u001b[22m../../users/actions.ts\u001b[2m:32:11)\u001b[22m\n          \u001b[2mat Object.<anonymous> (E:\\insiconnect\\tutorbay\\src\\app\\(admin)\u001b[22m../../users/__tests__/actions.test.ts\u001b[2m:51:5)\u001b[22m\n\u001b[2m\u001b[22m\n\u001b[2m    \u001b[0m \u001b[90m 49 |\u001b[39m     fd\u001b[33m.\u001b[39m\u001b[36mset\u001b[39m(\u001b[32m\"email\"\u001b[39m\u001b[33m,\u001b[39m \u001b[32m\"newuser@test.com\"\u001b[39m)\u001b[33m;\u001b[39m\u001b[22m\n\u001b[2m     \u001b[90m 50 |\u001b[39m\u001b[22m\n\u001b[2m    \u001b[31m\u001b[1m>\u001b[22m\u001b[2m\u001b[39m\u001b[90m 51 |\u001b[39m     \u001b[36mawait\u001b[39m expect(inviteUser(fd))\u001b[33m.\u001b[39mrejects\u001b[33m.\u001b[39mtoThrow(\u001b[32m\"Invitation sent\"\u001b[39m)\u001b[33m;\u001b[39m\u001b[22m\n\u001b[2m     \u001b[90m    |\u001b[39m                                          \u001b[31m\u001b[1m^\u001b[22m\u001b[2m\u001b[39m\u001b[22m\n\u001b[2m     \u001b[90m 52 |\u001b[39m     expect(mockInviteUser)\u001b[33m.\u001b[39mtoHaveBeenCalledWith(\u001b[32m\"newuser@test.com\"\u001b[39m)\u001b[33m;\u001b[39m\u001b[22m\n\u001b[2m     \u001b[90m 53 |\u001b[39m   })\u001b[33m;\u001b[39m\u001b[22m\n\u001b[2m     \u001b[90m 54 |\u001b[39m })\u001b[33m;\u001b[39m\u001b[0m\u001b[22m\n\u001b[2m\u001b[22m\n\u001b[2m      \u001b[2mat Object.toThrow (\u001b[22m\u001b[2mnode_modules/expect/build/index.js\u001b[2m:218:22)\u001b[22m\u001b[2m\u001b[22m\n\u001b[2m      \u001b[2mat Object.toThrow (E:\\insiconnect\\tutorbay\\src\\app\\(admin)\u001b[22m\u001b[2m../../users/__tests__/actions.test.ts\u001b[2m:51:42)\u001b[22m\u001b[2m\u001b[22m\n\n\u001b[1m\u001b[31m  \u001b[1m● \u001b[22m\u001b[1mupdateUserRole › rejects invalid role\u001b[39m\u001b[22m\n\n    \u001b[2mexpect(\u001b[22m\u001b[31mreceived\u001b[39m\u001b[2m).\u001b[22mrejects\u001b[2m.\u001b[22mtoThrow\u001b[2m(\u001b[22m\u001b[32mexpected\u001b[39m\u001b[2m)\u001b[22m\n\n    Expected substring: \u001b[32m\"Invalid user or role\"\u001b[39m\n    Received message:   \u001b[31m\"/users?error=Invalid%20user%20or%20role.\"\u001b[39m\n\n        \u001b[0m \u001b[90m 1 |\u001b[39m \u001b[36mconst\u001b[39m redirect \u001b[33m=\u001b[39m (url) \u001b[33m=>\u001b[39m {\n        \u001b[31m\u001b[1m>\u001b[22m\u001b[39m\u001b[90m 2 |\u001b[39m   \u001b[36mthrow\u001b[39m \u001b[36mnew\u001b[39m \u001b[33mError\u001b[39m(url)\u001b[33m;\u001b[39m\n         \u001b[90m   |\u001b[39m         \u001b[31m\u001b[1m^\u001b[22m\u001b[39m\n         \u001b[90m 3 |\u001b[39m }\u001b[33m;\u001b[39m\n         \u001b[90m 4 |\u001b[39m \u001b[36mconst\u001b[39m notFound \u001b[33m=\u001b[39m () \u001b[33m=>\u001b[39m {\n         \u001b[90m 5 |\u001b[39m   \u001b[36mthrow\u001b[39m \u001b[36mnew\u001b[39m \u001b[33mError\u001b[39m(\u001b[32m\"NEXT_NOT_FOUND\"\u001b[39m)\u001b[33m;\u001b[39m\u001b[0m\n\n          \u001b[2mat redirect (\u001b[22msrc/__mocks__/next-navigation.js\u001b[2m:2:9)\u001b[22m\n          \u001b[2mat updateUserRole (E:\\insiconnect\\tutorbay\\src\\app\\(admin)\u001b[22m../../users/actions.ts\u001b[2m:41:13)\u001b[22m\n          \u001b[2mat Object.updateUserRole (E:\\insiconnect\\tutorbay\\src\\app\\(admin)\u001b[22m../../users/__tests__/actions.test.ts\u001b[2m:63:18)\u001b[22m\n\u001b[2m\u001b[22m\n\u001b[2m    \u001b[0m \u001b[90m 61 |\u001b[39m     fd\u001b[33m.\u001b[39m\u001b[36mset\u001b[39m(\u001b[32m\"role\"\u001b[39m\u001b[33m,\u001b[39m \u001b[32m\"SUPERADMIN\"\u001b[39m)\u001b[33m;\u001b[39m\u001b[22m\n\u001b[2m     \u001b[90m 62 |\u001b[39m\u001b[22m\n\u001b[2m    \u001b[31m\u001b[1m>\u001b[22m\u001b[2m\u001b[39m\u001b[90m 63 |\u001b[39m     \u001b[36mawait\u001b[39m expect(updateUserRole(fd))\u001b[33m.\u001b[39mrejects\u001b[33m.\u001b[39mtoThrow(\u001b[32m\"Invalid user or role\"\u001b[39m)\u001b[33m;\u001b[39m\u001b[22m\n\u001b[2m     \u001b[90m    |\u001b[39m                                              \u001b[31m\u001b[1m^\u001b[22m\u001b[2m\u001b[39m\u001b[22m\n\u001b[2m     \u001b[90m 64 |\u001b[39m   })\u001b[33m;\u001b[39m\u001b[22m\n\u001b[2m     \u001b[90m 65 |\u001b[39m\u001b[22m\n\u001b[2m     \u001b[90m 66 |\u001b[39m   it(\u001b[32m\"updates user metadata for valid role\"\u001b[39m\u001b[33m,\u001b[39m \u001b[36masync\u001b[39m () \u001b[33m=>\u001b[39m {\u001b[0m\u001b[22m\n\u001b[2m\u001b[22m\n\u001b[2m      \u001b[2mat Object.toThrow (\u001b[22m\u001b[2mnode_modules/expect/build/index.js\u001b[2m:218:22)\u001b[22m\u001b[2m\u001b[22m\n\u001b[2m      \u001b[2mat Object.toThrow (E:\\insiconnect\\tutorbay\\src\\app\\(admin)\u001b[22m\u001b[2m../../users/__tests__/actions.test.ts\u001b[2m:63:46)\u001b[22m\u001b[2m\u001b[22m\n\n\u001b[1m\u001b[31m  \u001b[1m● \u001b[22m\u001b[1mupdateUserRole › updates user metadata for valid role\u001b[39m\u001b[22m\n\n    \u001b[2mexpect(\u001b[22m\u001b[31mreceived\u001b[39m\u001b[2m).\u001b[22mrejects\u001b[2m.\u001b[22mtoThrow\u001b[2m(\u001b[22m\u001b[32mexpected\u001b[39m\u001b[2m)\u001b[22m\n\n    Expected substring: \u001b[32m\"User role updated\"\u001b[39m\n    Received message:   \u001b[31m\"/users?message=User%20role%20updated.\"\u001b[39m\n\n        \u001b[0m \u001b[90m 1 |\u001b[39m \u001b[36mconst\u001b[39m redirect \u001b[33m=\u001b[39m (url) \u001b[33m=>\u001b[39m {\n        \u001b[31m\u001b[1m>\u001b[22m\u001b[39m\u001b[90m 2 |\u001b[39m   \u001b[36mthrow\u001b[39m \u001b[36mnew\u001b[39m \u001b[33mError\u001b[39m(url)\u001b[33m;\u001b[39m\n         \u001b[90m   |\u001b[39m         \u001b[31m\u001b[1m^\u001b[22m\u001b[39m\n         \u001b[90m 3 |\u001b[39m }\u001b[33m;\u001b[39m\n         \u001b[90m 4 |\u001b[39m \u001b[36mconst\u001b[39m notFound \u001b[33m=\u001b[39m () \u001b[33m=>\u001b[39m {\n         \u001b[90m 5 |\u001b[39m   \u001b[36mthrow\u001b[39m \u001b[36mnew\u001b[39m \u001b[33mError\u001b[39m(\u001b[32m\"NEXT_NOT_FOUND\"\u001b[39m)\u001b[33m;\u001b[39m\u001b[0m\n\n          \u001b[2mat redirect (\u001b[22msrc/__mocks__/next-navigation.js\u001b[2m:2:9)\u001b[22m\n          \u001b[2mat updateUserRole (E:\\insiconnect\\tutorbay\\src\\app\\(admin)\u001b[22m../../users/actions.ts\u001b[2m:54:11)\u001b[22m\n          \u001b[2mat Object.<anonymous> (E:\\insiconnect\\tutorbay\\src\\app\\(admin)\u001b[22m../../users/__tests__/actions.test.ts\u001b[2m:77:5)\u001b[22m\n\u001b[2m\u001b[22m\n\u001b[2m    \u001b[0m \u001b[90m 75 |\u001b[39m     fd\u001b[33m.\u001b[39m\u001b[36mset\u001b[39m(\u001b[32m\"role\"\u001b[39m\u001b[33m,\u001b[39m \u001b[32m\"ADMIN\"\u001b[39m)\u001b[33m;\u001b[39m\u001b[22m\n\u001b[2m     \u001b[90m 76 |\u001b[39m\u001b[22m\n\u001b[2m    \u001b[31m\u001b[1m>\u001b[22m\u001b[2m\u001b[39m\u001b[90m 77 |\u001b[39m     \u001b[36mawait\u001b[39m expect(updateUserRole(fd))\u001b[33m.\u001b[39mrejects\u001b[33m.\u001b[39mtoThrow(\u001b[32m\"User role updated\"\u001b[39m)\u001b[33m;\u001b[39m\u001b[22m\n\u001b[2m     \u001b[90m    |\u001b[39m                                              \u001b[31m\u001b[1m^\u001b[22m\u001b[2m\u001b[39m\u001b[22m\n\u001b[2m     \u001b[90m 78 |\u001b[39m     expect(mockUpdateUser)\u001b[33m.\u001b[39mtoHaveBeenCalledWith(\u001b[32m\"u1\"\u001b[39m\u001b[33m,\u001b[39m {\u001b[22m\n\u001b[2m     \u001b[90m 79 |\u001b[39m       user_metadata\u001b[33m:\u001b[39m { role\u001b[33m:\u001b[39m \u001b[32m\"ADMIN\"\u001b[39m }\u001b[33m,\u001b[39m\u001b[22m\n\u001b[2m     \u001b[90m 80 |\u001b[39m     })\u001b[33m;\u001b[39m\u001b[0m\u001b[22m\n\u001b[2m\u001b[22m\n\u001b[2m      \u001b[2mat Object.toThrow (\u001b[22m\u001b[2mnode_modules/expect/build/index.js\u001b[2m:218:22)\u001b[22m\u001b[2m\u001b[22m\n\u001b[2m      \u001b[2mat Object.toThrow (E:\\insiconnect\\tutorbay\\src\\app\\(admin)\u001b[22m\u001b[2m../../users/__tests__/actions.test.ts\u001b[2m:77:46)\u001b[22m\u001b[2m\u001b[22m\n\n\u001b[1m\u001b[31m  \u001b[1m● \u001b[22m\u001b[1mdeleteUser › deletes user via admin API\u001b[39m\u001b[22m\n\n    \u001b[2mexpect(\u001b[22m\u001b[31mreceived\u001b[39m\u001b[2m).\u001b[22mrejects\u001b[2m.\u001b[22mtoThrow\u001b[2m(\u001b[22m\u001b[32mexpected\u001b[39m\u001b[2m)\u001b[22m\n\n    Expected substring: \u001b[32m\"User deleted\"\u001b[39m\n    Received message:   \u001b[31m\"/users?message=User%20deleted%20successfully.\"\u001b[39m\n\n        \u001b[0m \u001b[90m 1 |\u001b[39m \u001b[36mconst\u001b[39m redirect \u001b[33m=\u001b[39m (url) \u001b[33m=>\u001b[39m {\n        \u001b[31m\u001b[1m>\u001b[22m\u001b[39m\u001b[90m 2 |\u001b[39m   \u001b[36mthrow\u001b[39m \u001b[36mnew\u001b[39m \u001b[33mError\u001b[39m(url)\u001b[33m;\u001b[39m\n         \u001b[90m   |\u001b[39m         \u001b[31m\u001b[1m^\u001b[22m\u001b[39m\n         \u001b[90m 3 |\u001b[39m }\u001b[33m;\u001b[39m\n         \u001b[90m 4 |\u001b[39m \u001b[36mconst\u001b[39m notFound \u001b[33m=\u001b[39m () \u001b[33m=>\u001b[39m {\n         \u001b[90m 5 |\u001b[39m   \u001b[36mthrow\u001b[39m \u001b[36mnew\u001b[39m \u001b[33mError\u001b[39m(\u001b[32m\"NEXT_NOT_FOUND\"\u001b[39m)\u001b[33m;\u001b[39m\u001b[0m\n\n          \u001b[2mat redirect (\u001b[22msrc/__mocks__/next-navigation.js\u001b[2m:2:9)\u001b[22m\n          \u001b[2mat deleteUser (E:\\insiconnect\\tutorbay\\src\\app\\(admin)\u001b[22m../../users/actions.ts\u001b[2m:72:11)\u001b[22m\n          \u001b[2mat Object.<anonymous> (E:\\insiconnect\\tutorbay\\src\\app\\(admin)\u001b[22m../../users/__tests__/actions.test.ts\u001b[2m:131:5)\u001b[22m\n\u001b[2m\u001b[22m\n\u001b[2m    \u001b[0m \u001b[90m 129 |\u001b[39m     fd\u001b[33m.\u001b[39m\u001b[36mset\u001b[39m(\u001b[32m\"userId\"\u001b[39m\u001b[33m,\u001b[39m \u001b[32m\"u1\"\u001b[39m)\u001b[33m;\u001b[39m\u001b[22m\n\u001b[2m     \u001b[90m 130 |\u001b[39m\u001b[22m\n\u001b[2m    \u001b[31m\u001b[1m>\u001b[22m\u001b[2m\u001b[39m\u001b[90m 131 |\u001b[39m     \u001b[36mawait\u001b[39m expect(deleteUser(fd))\u001b[33m.\u001b[39mrejects\u001b[33m.\u001b[39mtoThrow(\u001b[32m\"User deleted\"\u001b[39m)\u001b[33m;\u001b[39m\u001b[22m\n\u001b[2m     \u001b[90m     |\u001b[39m                                          \u001b[31m\u001b[1m^\u001b[22m\u001b[2m\u001b[39m\u001b[22m\n\u001b[2m     \u001b[90m 132 |\u001b[39m     expect(mockDeleteUser)\u001b[33m.\u001b[39mtoHaveBeenCalledWith(\u001b[32m\"u1\"\u001b[39m)\u001b[33m;\u001b[39m\u001b[22m\n\u001b[2m     \u001b[90m 133 |\u001b[39m   })\u001b[33m;\u001b[39m\u001b[22m\n\u001b[2m     \u001b[90m 134 |\u001b[39m })\u001b[33m;\u001b[39m\u001b[0m\u001b[22m\n\u001b[2m\u001b[22m\n\u001b[2m      \u001b[2mat Object.toThrow (\u001b[22m\u001b[2mnode_modules/expect/build/index.js\u001b[2m:218:22)\u001b[22m\u001b[2m\u001b[22m\n\u001b[2m      \u001b[2mat Object.toThrow (E:\\insiconnect\\tutorbay\\src\\app\\(admin)\u001b[22m\u001b[2m../../users/__tests__/actions.test.ts\u001b[2m:131:42)\u001b[22m\u001b[2m\u001b[22m\n\n\u001b[1m\u001b[31m  \u001b[1m● \u001b[22m\u001b[1mreviewTutorApplication › rejects invalid action\u001b[39m\u001b[22m\n\n    \u001b[2mexpect(\u001b[22m\u001b[31mreceived\u001b[39m\u001b[2m).\u001b[22mrejects\u001b[2m.\u001b[22mtoThrow\u001b[2m(\u001b[22m\u001b[32mexpected\u001b[39m\u001b[2m)\u001b[22m\n\n    Expected substring: \u001b[32m\"Invalid action\"\u001b[39m\n    Received message:   \u001b[31m\"/users?error=Invalid%20action.\"\u001b[39m\n\n        \u001b[0m \u001b[90m 1 |\u001b[39m \u001b[36mconst\u001b[39m redirect \u001b[33m=\u001b[39m (url) \u001b[33m=>\u001b[39m {\n        \u001b[31m\u001b[1m>\u001b[22m\u001b[39m\u001b[90m 2 |\u001b[39m   \u001b[36mthrow\u001b[39m \u001b[36mnew\u001b[39m \u001b[33mError\u001b[39m(url)\u001b[33m;\u001b[39m\n         \u001b[90m   |\u001b[39m         \u001b[31m\u001b[1m^\u001b[22m\u001b[39m\n         \u001b[90m 3 |\u001b[39m }\u001b[33m;\u001b[39m\n         \u001b[90m 4 |\u001b[39m \u001b[36mconst\u001b[39m notFound \u001b[33m=\u001b[39m () \u001b[33m=>\u001b[39m {\n         \u001b[90m 5 |\u001b[39m   \u001b[36mthrow\u001b[39m \u001b[36mnew\u001b[39m \u001b[33mError\u001b[39m(\u001b[32m\"NEXT_NOT_FOUND\"\u001b[39m)\u001b[33m;\u001b[39m\u001b[0m\n\n          \u001b[2mat redirect (\u001b[22msrc/__mocks__/next-navigation.js\u001b[2m:2:9)\u001b[22m\n          \u001b[2mat reviewTutorApplication (E:\\insiconnect\\tutorbay\\src\\app\\(admin)\u001b[22m../../users/actions.ts\u001b[2m:175:15)\u001b[22m\n          \u001b[2mat Object.reviewTutorApplication (E:\\insiconnect\\tutorbay\\src\\app\\(admin)\u001b[22m../../users/__tests__/actions.test.ts\u001b[2m:143:18)\u001b[22m\n\u001b[2m\u001b[22m\n\u001b[2m    \u001b[0m \u001b[90m 141 |\u001b[39m     fd\u001b[33m.\u001b[39m\u001b[36mset\u001b[39m(\u001b[32m\"action\"\u001b[39m\u001b[33m,\u001b[39m \u001b[32m\"INVALID\"\u001b[39m)\u001b[33m;\u001b[39m\u001b[22m\n\u001b[2m     \u001b[90m 142 |\u001b[39m\u001b[22m\n\u001b[2m    \u001b[31m\u001b[1m>\u001b[22m\u001b[2m\u001b[39m\u001b[90m 143 |\u001b[39m     \u001b[36mawait\u001b[39m expect(reviewTutorApplication(fd))\u001b[33m.\u001b[39mrejects\u001b[33m.\u001b[39mtoThrow(\u001b[32m\"Invalid action\"\u001b[39m)\u001b[33m;\u001b[39m\u001b[22m\n\u001b[2m     \u001b[90m     |\u001b[39m                                                      \u001b[31m\u001b[1m^\u001b[22m\u001b[2m\u001b[39m\u001b[22m\n\u001b[2m     \u001b[90m 144 |\u001b[39m   })\u001b[33m;\u001b[39m\u001b[22m\n\u001b[2m     \u001b[90m 145 |\u001b[39m })\u001b[33m;\u001b[39m\u001b[22m\n\u001b[2m     \u001b[90m 146 |\u001b[39m\u001b[0m\u001b[22m\n\u001b[2m\u001b[22m\n\u001b[2m      \u001b[2mat Object.toThrow (\u001b[22m\u001b[2mnode_modules/expect/build/index.js\u001b[2m:218:22)\u001b[22m\u001b[2m\u001b[22m\n\u001b[2m      \u001b[2mat Object.toThrow (E:\\insiconnect\\tutorbay\\src\\app\\(admin)\u001b[22m\u001b[2m../../users/__tests__/actions.test.ts\u001b[2m:143:54)\u001b[22m\u001b[2m\u001b[22m\n","name":"E:\\insiconnect\\tutorbay\\src\\app\\(admin)\\users\\__tests__\\actions.test.ts","startTime":1778772695772,"status":"failed","summary":""},{"assertionResults":[{"ancestorTitles":["SubscriberTable"],"duration":172,"failureDetails":[],"failureMessages":[],"fullName":"SubscriberTable renders all subscribers","invocations":1,"location":null,"numPassingAsserts":3,"retryReasons":[],"status":"passed","title":"renders all subscribers"},{"ancestorTitles":["SubscriberTable"],"duration":39,"failureDetails":[],"failureMessages":[],"fullName":"SubscriberTable filters by email search","invocations":1,"location":null,"numPassingAsserts":2,"retryReasons":[],"status":"passed","title":"filters by email search"},{"ancestorTitles":["SubscriberTable"],"duration":35,"failureDetails":[],"failureMessages":[],"fullName":"SubscriberTable shows empty state when no matches","invocations":1,"location":null,"numPassingAsserts":1,"retryReasons":[],"status":"passed","title":"shows empty state when no matches"},{"ancestorTitles":["SubscriberTable"],"duration":118,"failureDetails":[],"failureMessages":[],"fullName":"SubscriberTable paginates subscribers","invocations":1,"location":null,"numPassingAsserts":3,"retryReasons":[],"status":"passed","title":"paginates subscribers"},{"ancestorTitles":["SubscriberTable"],"duration":25,"failureDetails":[],"failureMessages":[],"fullName":"SubscriberTable has a download CSV button","invocations":1,"location":null,"numPassingAsserts":1,"retryReasons":[],"status":"passed","title":"has a download CSV button"}],"endTime":1778772698498,"message":"","name":"E:\\insiconnect\\tutorbay\\src\\app\\(admin)\\subscribers\\__tests__\\SubscriberTable.test.tsx","startTime":1778772697316,"status":"passed","summary":""},{"assertionResults":[{"ancestorTitles":["PaymentTable"],"duration":175,"failureDetails":[],"failureMessages":[],"fullName":"PaymentTable renders all payments","invocations":1,"location":null,"numPassingAsserts":3,"retryReasons":[],"status":"passed","title":"renders all payments"},{"ancestorTitles":["PaymentTable"],"duration":47,"failureDetails":[],"failureMessages":[],"fullName":"PaymentTable displays formatted amounts","invocations":1,"location":null,"numPassingAsserts":3,"retryReasons":[],"status":"passed","title":"displays formatted amounts"},{"ancestorTitles":["PaymentTable"],"duration":182,"failureDetails":[],"failureMessages":[],"fullName":"PaymentTable shows correct status badges (title case)","invocations":1,"location":null,"numPassingAsserts":3,"retryReasons":[],"status":"passed","title":"shows correct status badges (title case)"},{"ancestorTitles":["PaymentTable"],"duration":54,"failureDetails":[],"failureMessages":[],"fullName":"PaymentTable filters payments by search query","invocations":1,"location":null,"numPassingAsserts":2,"retryReasons":[],"status":"passed","title":"filters payments by search query"},{"ancestorTitles":["PaymentTable"],"duration":55,"failureDetails":[],"failureMessages":[],"fullName":"PaymentTable filters payments by status","invocations":1,"location":null,"numPassingAsserts":3,"retryReasons":[],"status":"passed","title":"filters payments by status"},{"ancestorTitles":["PaymentTable"],"duration":49,"failureDetails":[],"failureMessages":[],"fullName":"PaymentTable shows empty state when no matches","invocations":1,"location":null,"numPassingAsserts":1,"retryReasons":[],"status":"passed","title":"shows empty state when no matches"},{"ancestorTitles":["PaymentTable"],"duration":227,"failureDetails":[],"failureMessages":[],"fullName":"PaymentTable paginates when there are many payments","invocations":1,"location":null,"numPassingAsserts":3,"retryReasons":[],"status":"passed","title":"paginates when there are many payments"}],"endTime":1778772698599,"message":"","name":"E:\\insiconnect\\tutorbay\\src\\app\\(admin)\\payments\\__tests__\\PaymentTable.test.tsx","startTime":1778772695811,"status":"passed","summary":""}],"wasInterrupted":false}
